mode: atomic
ft-calculator/cmd/calcurator-api/internal/calculator/controller.go:24.116,29.2 1 4
ft-calculator/cmd/calcurator-api/internal/calculator/controller.go:31.73,33.16 2 2
ft-calculator/cmd/calcurator-api/internal/calculator/controller.go:33.16,36.3 2 1
ft-calculator/cmd/calcurator-api/internal/calculator/controller.go:37.2,37.51 1 1
ft-calculator/cmd/calcurator-api/internal/calculator/controller.go:40.66,42.16 2 2
ft-calculator/cmd/calcurator-api/internal/calculator/controller.go:42.16,44.3 1 1
ft-calculator/cmd/calcurator-api/internal/calculator/controller.go:45.2,45.12 1 2
ft-calculator/cmd/calcurator-api/internal/calculator/controller.go:48.62,50.2 1 4
ft-calculator/cmd/calcurator-api/internal/calculator/controller.go:52.77,58.8 3 2
ft-calculator/cmd/calcurator-api/internal/calculator/controller.go:58.8,67.3 5 0
ft-calculator/cmd/calcurator-api/internal/calculator/controller.go:69.2,72.3 1 2
ft-calculator/cmd/calcurator-api/internal/calculator/model.go:39.70,41.27 2 1
ft-calculator/cmd/calcurator-api/internal/calculator/model.go:41.27,49.3 2 1
ft-calculator/cmd/calcurator-api/internal/calculator/model.go:51.2,51.21 1 1
ft-calculator/cmd/calcurator-api/internal/calculator/model.go:54.94,56.23 2 1
ft-calculator/cmd/calcurator-api/internal/calculator/model.go:57.11,58.18 1 1
ft-calculator/cmd/calcurator-api/internal/calculator/model.go:59.10,60.99 1 0
ft-calculator/cmd/calcurator-api/internal/calculator/model.go:63.2,63.18 1 1
ft-calculator/cmd/calcurator-api/internal/calculator/presenter.go:17.63,21.2 1 7
ft-calculator/cmd/calcurator-api/internal/calculator/presenter.go:23.48,26.16 3 3
ft-calculator/cmd/calcurator-api/internal/calculator/presenter.go:26.16,30.3 3 1
ft-calculator/cmd/calcurator-api/internal/calculator/presenter.go:32.2,33.16 2 2
ft-calculator/cmd/calcurator-api/internal/calculator/presenter.go:33.16,37.3 3 1
ft-calculator/cmd/calcurator-api/internal/calculator/presenter.go:39.2,41.16 3 1
ft-calculator/cmd/calcurator-api/internal/calculator/presenter.go:41.16,45.3 3 0
ft-calculator/cmd/calcurator-api/internal/calculator/presenter.go:47.2,48.31 2 1
ft-calculator/cmd/calcurator-api/internal/calculator/presenter.go:51.48,56.16 4 3
ft-calculator/cmd/calcurator-api/internal/calculator/presenter.go:56.16,62.3 5 1
ft-calculator/cmd/calcurator-api/internal/calculator/presenter.go:64.2,64.69 1 2
ft-calculator/cmd/calcurator-api/internal/calculator/presenter.go:64.69,70.3 5 1
ft-calculator/cmd/calcurator-api/internal/calculator/presenter.go:71.2,73.43 3 1
ft-calculator/cmd/calcurator-api/internal/calculator/presenter.go:76.49,83.2 4 1
ft-calculator/cmd/calcurator-api/internal/calculator/presenter.go:85.78,87.57 2 6
ft-calculator/cmd/calcurator-api/internal/calculator/presenter.go:87.57,89.3 1 2
ft-calculator/cmd/calcurator-api/internal/calculator/presenter.go:91.2,91.25 1 4
ft-calculator/cmd/calcurator-api/internal/calculator/mocks/controller.go:26.85,30.2 3 7
ft-calculator/cmd/calcurator-api/internal/calculator/mocks/controller.go:33.83,35.2 1 5
ft-calculator/cmd/calcurator-api/internal/calculator/mocks/controller.go:38.71,44.2 5 2
ft-calculator/cmd/calcurator-api/internal/calculator/mocks/controller.go:47.89,50.2 2 2
ft-calculator/cmd/calcurator-api/internal/calculator/mocks/controller.go:53.77,58.2 4 1
ft-calculator/cmd/calcurator-api/internal/calculator/mocks/controller.go:61.74,64.2 2 1
ft-calculator/cmd/calcurator-api/internal/calculator/mocks/controller.go:67.64,72.2 4 2
ft-calculator/cmd/calcurator-api/internal/calculator/mocks/controller.go:75.89,78.2 2 2
ft-calculator/cmd/calcurator-api/internal/calculator/mocks/controller.go:92.85,96.2 3 4
ft-calculator/cmd/calcurator-api/internal/calculator/mocks/controller.go:99.83,101.2 1 5
ft-calculator/cmd/calcurator-api/internal/calculator/mocks/controller.go:104.77,109.2 4 1
ft-calculator/cmd/calcurator-api/internal/calculator/mocks/controller.go:112.96,115.2 2 1
ft-calculator/cmd/calcurator-api/internal/calculator/mocks/controller.go:118.83,125.2 6 4
ft-calculator/cmd/calcurator-api/internal/calculator/mocks/controller.go:128.89,131.2 2 4
ft-calculator/helper/mockutil/wrapper.go:18.50,20.2 1 11
ft-calculator/helper/mockutil/wrapper.go:24.44,26.2 1 0
ft-calculator/helper/mockutil/wrapper.go:42.52,43.16 1 2
ft-calculator/helper/mockutil/wrapper.go:43.16,46.21 2 2
ft-calculator/helper/mockutil/wrapper.go:46.21,48.4 1 11
ft-calculator/helper/mockutil/wrapper.go:50.3,50.20 1 2
ft-calculator/helper/mockutil/wrapper.go:50.20,52.4 1 11
ft-calculator/helper/mockutil/wrapper.go:54.3,54.23 1 2
ft-calculator/helper/mockutil/wrapper.go:54.23,56.4 1 2
ft-calculator/pkg/calculator/repository.go:18.27,18.43 1 1
ft-calculator/pkg/calculator/repository.go:19.27,19.43 1 1
ft-calculator/pkg/calculator/repository.go:20.27,20.43 1 1
ft-calculator/pkg/calculator/repository.go:21.27,21.43 1 1
ft-calculator/pkg/calculator/repository.go:27.71,28.23 1 5
ft-calculator/pkg/calculator/repository.go:28.23,30.3 1 1
ft-calculator/pkg/calculator/repository.go:31.2,32.23 2 4
ft-calculator/pkg/calculator/repository.go:32.23,37.3 4 4
ft-calculator/pkg/calculator/repository.go:38.2,38.15 1 4
ft-calculator/pkg/calculator/repository.go:41.68,43.24 2 5
ft-calculator/pkg/calculator/repository.go:43.24,45.3 1 1
ft-calculator/pkg/calculator/repository.go:47.2,49.20 3 4
ft-calculator/pkg/calculator/repository.go:49.20,51.3 1 1
ft-calculator/pkg/calculator/repository.go:53.2,53.53 1 3
ft-calculator/pkg/calculator/repository.go:53.53,55.3 1 1
ft-calculator/pkg/calculator/repository.go:57.2,57.27 1 2
ft-calculator/pkg/calculator/repository.go:57.27,59.3 1 1
ft-calculator/pkg/calculator/repository.go:61.2,61.23 1 1
ft-calculator/pkg/calculator/repository.go:64.67,65.26 1 4
ft-calculator/pkg/calculator/repository.go:65.26,66.49 1 13
ft-calculator/pkg/calculator/repository.go:66.49,68.4 1 5
ft-calculator/pkg/calculator/repository.go:68.9,70.4 1 8
ft-calculator/pkg/calculator/repository.go:72.2,72.8 1 4
ft-calculator/pkg/calculator/repository.go:75.40,76.43 1 4
ft-calculator/pkg/calculator/repository.go:76.43,78.3 1 16
ft-calculator/pkg/calculator/repository.go:79.2,79.10 1 4
ft-calculator/pkg/calculator/repository.go:82.51,83.31 1 3
ft-calculator/pkg/calculator/repository.go:83.31,84.51 1 4
ft-calculator/pkg/calculator/repository.go:84.51,86.4 1 1
ft-calculator/pkg/calculator/repository.go:89.2,89.13 1 2
